<?xml version="1.0" encoding="UTF-8"?>
<!-- Generated by org.testng.reporters.JUnitXMLReporter -->
<testsuite ignored="0" hostname="PC" failures="0" tests="3" name="Submit Order test" time="26.104" errors="0" timestamp="2024-04-28T15:55:39 COT">
  <testcase classname="org.cris.Test.SubmitOrderTest" name="submitOrder" time="3.924"/>
  <testcase classname="org.cris.Test.SubmitOrderTest" name="submitOrder" time="3.798"/>
  <testcase classname="org.cris.Test.SubmitOrderTest" name="OrderHistoryTest" time="1.019"/>
</testsuite> <!-- Submit Order test -->
